<?xml version="1.0" encoding="UTF-8"?>
<!-- Generated by org.testng.reporters.JUnitReportReporter -->
<testsuite hostname="DESKTOP-OOQL7CN" failures="0" tests="3" name="com.practice.automation.BaicFlowTestNGTest" time="42.695" errors="0" timestamp="2021-03-22T09:06:10 GMT" skipped="0">
  <testcase classname="com.practice.automation.BaicFlowTestNGTest" name="f" time="14.028"/>
  <system-out/>
  <testcase classname="com.practice.automation.BaicFlowTestNGTest" name="f" time="13.968"/>
  <system-out/>
  <testcase classname="com.practice.automation.BaicFlowTestNGTest" name="f" time="14.699"/>
  <system-out/>
</testsuite> <!-- com.practice.automation.BaicFlowTestNGTest -->
